[INFO] Logging enabled, file=/home/runner/work/clockin-automation/clockin-automation/log/2025-9-20.log
=== 開始執行打卡流程 ===
===Step 1: 載入環境變數 debug===
===Step 2: 呼叫假日判斷控制器===
Step 1: 讀取環境變數 debug
[✅ 成功] code=0 msg=操作成功
Step 2: 判斷國定假日
[❌ 任務失敗] code=2012 msg=今日為國定假日，不需打卡
===Step 3: 呼叫登入控制器===
Step 1: 讀取環境變數並檢查
[✅ 成功] code=0 msg=操作成功
Step 2: 取得登入頁
[✅ 成功] code=0 msg=操作成功
Step 3: 登入
[✅ 成功] code=0 msg=操作成功
Step 4: 抓取打卡 _token
[✅ 成功] code=0 msg=操作成功
Step 5: 取得當前時間
[✅ 成功] code=0 msg=操作成功
Step 6: 選擇打卡路徑
[✅ 成功] code=0 msg=操作成功
[✅ 成功] code=0 msg=操作成功
[✅ 打卡訊息] 流程成功（dry run 模式，未執行打卡動作）
===Step 4: 呼叫 Telegram 控制器===
Step 1: 建立 Telegram 專用 context
[✅ 成功] code=0 msg=操作成功
Step 2: 翻譯代碼為訊息字串
[✅ 成功] code=0 msg=操作成功
Step 3: 發送 Telegram 通知
[✅ 成功] code=0 msg=操作成功
